<?xml version="1.0" encoding="UTF-8"?>
<!-- Generated by org.testng.reporters.JUnitReportReporter -->
<testsuite hostname="DESKTOP-STD31LC" failures="0" tests="1" name="mavenforjenkins.UITest" time="6.687" errors="0" timestamp="2021-09-26T20:43:33 IST" skipped="0">
  <testcase classname="mavenforjenkins.UITest" name="startBrowser" time="6.687"/>
  <system-out/>
</testsuite> <!-- mavenforjenkins.UITest -->
